<?xml version="1.0" encoding="UTF-8"?>
<testng-results skipped="0" failed="2" total="3" passed="1">
  <reporter-output>
  </reporter-output>
  <suite name="Default suite" duration-ms="20550" started-at="2016-09-23T13:21:39Z" finished-at="2016-09-23T13:21:59Z">
    <groups>
    </groups>
    <test name="Default test" duration-ms="20550" started-at="2016-09-23T13:21:39Z" finished-at="2016-09-23T13:21:59Z">
      <class name="com.train.client.test.NettyTCPClientTest">
        <test-method status="PASS" signature="setUp()[pri:0, instance:com.train.client.test.NettyTCPClientTest@5d5eef3d]" name="setUp" is-config="true" duration-ms="309" started-at="2016-09-23T21:21:39Z" finished-at="2016-09-23T21:21:39Z">
          <reporter-output>
          </reporter-output>
        </test-method> <!-- setUp -->
        <test-method status="FAIL" signature="testRequest()[pri:0, instance:com.train.client.test.NettyTCPClientTest@5d5eef3d]" name="testRequest" duration-ms="20199" started-at="2016-09-23T21:21:39Z" finished-at="2016-09-23T21:21:59Z">
          <exception class="java.lang.NullPointerException">
            <full-stacktrace>
              <![CDATA[java.lang.NullPointerException
	at com.train.client.test.NettyTCPClientTest.print(NettyTCPClientTest.java:60)
	at com.train.client.test.NettyTCPClientTest.testRequest(NettyTCPClientTest.java:54)
	at sun.reflect.NativeMethodAccessorImpl.invoke0(Native Method)
	at sun.reflect.NativeMethodAccessorImpl.invoke(NativeMethodAccessorImpl.java:62)
	at sun.reflect.DelegatingMethodAccessorImpl.invoke(DelegatingMethodAccessorImpl.java:43)
	at java.lang.reflect.Method.invoke(Method.java:497)
	at org.testng.internal.MethodInvocationHelper.invokeMethod(MethodInvocationHelper.java:86)
	at org.testng.internal.Invoker.invokeMethod(Invoker.java:643)
	at org.testng.internal.Invoker.invokeTestMethod(Invoker.java:820)
	at org.testng.internal.Invoker.invokeTestMethods(Invoker.java:1128)
	at org.testng.internal.TestMethodWorker.invokeTestMethods(TestMethodWorker.java:129)
	at org.testng.internal.TestMethodWorker.run(TestMethodWorker.java:112)
	at org.testng.internal.thread.ThreadUtil$2.call(ThreadUtil.java:64)
	at java.util.concurrent.FutureTask.run(FutureTask.java:266)
	at java.util.concurrent.ThreadPoolExecutor.runWorker(ThreadPoolExecutor.java:1142)
	at java.util.concurrent.ThreadPoolExecutor$Worker.run(ThreadPoolExecutor.java:617)
	at java.lang.Thread.run(Thread.java:745)
]]>
            </full-stacktrace>
          </exception> <!-- java.lang.NullPointerException -->
          <reporter-output>
          </reporter-output>
        </test-method> <!-- testRequest -->
        <test-method status="PASS" signature="testRequest()[pri:0, instance:com.train.client.test.NettyTCPClientTest@5d5eef3d]" name="testRequest" duration-ms="184" started-at="2016-09-23T21:21:39Z" finished-at="2016-09-23T21:21:39Z">
          <reporter-output>
          </reporter-output>
        </test-method> <!-- testRequest -->
        <test-method status="FAIL" signature="testRequest()[pri:0, instance:com.train.client.test.NettyTCPClientTest@5d5eef3d]" name="testRequest" duration-ms="10005" started-at="2016-09-23T21:21:39Z" finished-at="2016-09-23T21:21:49Z">
          <exception class="java.io.IOException">
            <message>
              <![CDATA[send request failed]]>
            </message>
            <full-stacktrace>
              <![CDATA[java.io.IOException: send request failed
	at com.changcai.netty.pool.NettyTCPChannelPool.sendRequest(NettyTCPChannelPool.java:202)
	at com.changcai.netty.client.NettyTCPClient.sendRequest(NettyTCPClient.java:44)
	at com.train.client.test.NettyTCPClientTest.testRequest(NettyTCPClientTest.java:51)
	at sun.reflect.NativeMethodAccessorImpl.invoke0(Native Method)
	at sun.reflect.NativeMethodAccessorImpl.invoke(NativeMethodAccessorImpl.java:62)
	at sun.reflect.DelegatingMethodAccessorImpl.invoke(DelegatingMethodAccessorImpl.java:43)
	at java.lang.reflect.Method.invoke(Method.java:497)
	at org.testng.internal.MethodInvocationHelper.invokeMethod(MethodInvocationHelper.java:86)
	at org.testng.internal.Invoker.invokeMethod(Invoker.java:643)
	at org.testng.internal.Invoker.invokeTestMethod(Invoker.java:820)
	at org.testng.internal.Invoker.invokeTestMethods(Invoker.java:1128)
	at org.testng.internal.TestMethodWorker.invokeTestMethods(TestMethodWorker.java:129)
	at org.testng.internal.TestMethodWorker.run(TestMethodWorker.java:112)
	at org.testng.internal.thread.ThreadUtil$2.call(ThreadUtil.java:64)
	at java.util.concurrent.FutureTask.run(FutureTask.java:266)
	at java.util.concurrent.ThreadPoolExecutor.runWorker(ThreadPoolExecutor.java:1142)
	at java.util.concurrent.ThreadPoolExecutor$Worker.run(ThreadPoolExecutor.java:617)
	at java.lang.Thread.run(Thread.java:745)
]]>
            </full-stacktrace>
          </exception> <!-- java.io.IOException -->
          <reporter-output>
          </reporter-output>
        </test-method> <!-- testRequest -->
      </class> <!-- com.train.client.test.NettyTCPClientTest -->
    </test> <!-- Default test -->
  </suite> <!-- Default suite -->
</testng-results>
